SQL> 
SQL> select *
  2  from emp
  3  where job in 'ClERK' and sal>1500;

no rows selected

SQL> ed
Wrote file afiedt.buf

  1  select *
  2  from emp
  3* where job in 'ClERK' and sal<1500
SQL> /

no rows selected

SQL> ed
Wrote file afiedt.buf

  1  select *
  2  from emp
  3* where job in 'CLERK' and sal<1500
SQL> /

     EMPNO ENAME      JOB              MGR HIREDATE         SAL       COMM     DEPTNO               
---------- ---------- --------- ---------- --------- ---------- ---------- ----------               
      7369 SMITH      CLERK           7902 17-DEC-80        800                    20               
      7876 ADAMS      CLERK           7788 23-MAY-87       1100                    20               
      7900 JAMES      CLERK           7698 03-DEC-81        950                    30               
      7934 MILLER     CLERK           7782 23-JAN-82       1300                    10               

SQL> spool off
