SQL> select empno,ename
  2  from emp
  3  where job in 'MANAGER' and deptno=20;

     EMPNO ENAME                                                                                    
---------- ----------                                                                               
      7566 JONES                                                                                    

SQL> ed
Wrote file afiedt.buf

  1  select empno,ename
  2  from emp
  3* where deptno=20
SQL> /

     EMPNO ENAME                                                                                    
---------- ----------                                                                               
      7369 SMITH                                                                                    
      7566 JONES                                                                                    
      7788 SCOTT                                                                                    
      7876 ADAMS                                                                                    
      7902 FORD                                                                                     

SQL> 
SQL> spool "C:\Users\Rajpootana\Desktop\SQL Qspider\Operator\query8";
